
=== Page 1 OCR Text (first 1500 chars) ===
Page 1 of 3
BICICI Bank | khayaal aapka
MR.KIRAN PRAMOD DHOKE
VAMAN,BASKAR KOLI CHAWL 77/176, ROOM NO.
1 POKHRAN ROAD NO 1, NEAR MODEL,
COLONY SHASTRI NAGAR THANE W
THANE
MAHARASHTRA - INDIA - 400606
Your Base Branch: ICICI BANK LTD.,
YASH RESIDENCY,
GROUND FLOOR, SECTOR - 6, AIROLI, NAVI
MUMBAI.400708
Visit www.lclclbank.com
C Dial your Bank 33667777
Did you know? It's mandatory to be KYC complant as per RBl guldelines. If you have not submitted your KYC documents, please visit the nearest
branch or contact your Relationship Manager to complete KYC detalls for your Account.
Summary of Accounts held under Cust ID: 593978207 as on December 08, 2025
ACCOUNT DETAILS - INR
Savings A/c 109001516845
TOTAL
A/c BALANCE(I)
0.00
0.00
FIXED DEPOSITS (LINKED) BAL. (1)
0.00
0.00
TOTAL BALANCE(I +11)
0.00
0.00
NOMINATION
Not Registered
Statement of Transactions in Savings Account Number: 109001516845 in INR for the period September 08, 2025 - December 08, 2025
DATE
MODE**
PARTICULAR:
DEPOSITS
WITHDRAWALS
08-09-2025
B/F
BALANCE
0.00
UPI/KIRAN PRAM/dhokekiran88-3/UPI/HDFC
26-09-2025
BANK/111808409454/HDFf391a23b092b4be185ec4
30,000.00
26-09-2025 ICICI CRM
26-09-2025 ICICI CRM
30-09-2025
02-10-2025
02-10-2025
02-10-2025
02-10-2025 NET BANKING
04-10-2025
04-10-2025
05-10-2025
13-10-2025
16-10-2025
16-10-2025
16-10-2025
14 10 900E NIET RANVINC
CAM/76501HRY/CASH WDL/26-09-25
CAM/76501HRY/CASH WDL/26-09-25
109001516845: Int.Pd: 30-06-2025 to 29-09-2025
CashDep Chgs 01-30APR25 + GST
UPI/KIRAN PRAM

Page 1 metadata: {
  "bankName": "ICICI Bank",
  "accountHolderName": "MR.KIRAN PRAMOD DHOKE",
  "accountNumber": "109001516845",
  "accountType": "Savings Account",
  "currency": "INR",
  "statementStartDate": "September 08, 2025",
  "statementEndDate": "December 08, 2025",
  "additionalAccounts": []
}
Page 1 account number resolved: 109001516845
Page 1 all accounts found: []

Page 1 metadata: {
  "bankName": "HSBC",
  "accountHolderName": "John Wick",
  "accountNumber": "26-00803P",
  "accountType": "HSBC Premier",
  "currency": "USD",
  "statementStartDate": "August 15, 2014",
  "statementEndDate": "September 15, 2014",
  "additionalAccounts": [
    "803-01867-3",
    "803-46845-8",
    "09653102271"
  ]
}
Page 1 account number resolved: 803-01867-3
Page 1 all accounts found: ["803-01867-3","803-46845-8"]

Page 2 metadata: {
  "bankName": "HSBC",
  "accountHolderName": "John Wick",
  "accountNumber": "803-01867-3",
  "accountType": "HSBC PREMIER",
  "currency": "USD",
  "statementStartDate": "2014-08-15",
  "statementEndDate": "2014-09-15",
  "additionalAccounts": [
    "803-46845-8"
  ]
}
Page 2 account number resolved: 803-01867-3
Page 2 all accounts found: ["803-01867-3","803-46845-8"]

Page 1 metadata: {
  "bankName": "ICICI Bank",
  "accountHolderName": "MR.KIRAN PRAMOD DHOKE",
  "accountNumber": "109001516845",
  "accountType": "Savings Account",
  "currency": "INR",
  "statementStartDate": "September 08, 2025",
  "statementEndDate": "December 08, 2025",
  "additionalAccounts": []
}
Page 1 account number resolved: 109001516845
Page 1 all accounts found: []

Page 2 metadata: {
  "bankName": "HDFC BANK",
  "accountHolderName": "MR KIRAN PRAMOD DHOKE",
  "accountNumber": "50100766701100",
  "accountType": "SAVINGS A/C- RESIDENT(100)",
  "currency": "INR",
  "statementStartDate": "01/04/2025",
  "statementEndDate": "30/09/2025",
  "additionalAccounts": [
    "301855437",
    "510689248614",
    "103396644771",
    "103495738331",
    "103576582001",
    "103664516026",
    "103748614064",
    "511747373776",
    "52170325058",
    "522500197220"
  ]
}
Page 2 account number resolved: 50100766701100
Page 2 all accounts found: []

Page 1 metadata: {
  "bankName": "ICICI Bank",
  "accountHolderName": "MR. KIRAN PRAMOD DHOKE",
  "accountNumber": "109001516845",
  "accountType": "Savings A/c",
  "currency": "INR",
  "statementStartDate": "September 08, 2025",
  "statementEndDate": "December 08, 2025",
  "additionalAccounts": []
}
Page 1 account number resolved: 109001516845
Page 1 all accounts found: []

Page 1 metadata: {
  "bankName": "ICICI Bank",
  "accountHolderName": "MR. KIRAN PRAMOD DHOKE",
  "accountNumber": "109001516845",
  "accountType": "Savings A/c",
  "currency": "INR",
  "statementStartDate": "September 08, 2025",
  "statementEndDate": "December 08, 2025",
  "additionalAccounts": []
}
Page 1 account number resolved: 109001516845
Page 1 all accounts found: []

Page 1 metadata: {
  "bankName": "ICICI Bank",
  "accountHolderName": "MR. KIRAN PRAMOD DHOKE",
  "accountNumber": "109001516845",
  "accountType": "Savings A/c",
  "currency": "INR",
  "statementStartDate": "September 08, 2025",
  "statementEndDate": "December 08, 2025",
  "additionalAccounts": [
    "403562777143"
  ]
}
Page 1 account number resolved: 109001516845
Page 1 all accounts found: []

Page 1 metadata: {
  "bankName": "ICICI Bank",
  "accountHolderName": "MR. KIRAN PRAMOD DHOKE",
  "accountNumber": "109001516845",
  "accountType": "Savings A/c",
  "currency": "INR",
  "statementStartDate": "September 08, 2025",
  "statementEndDate": "December 08, 2025",
  "additionalAccounts": []
}
Page 1 account number resolved: 109001516845
Page 1 all accounts found: []

Page 2 metadata: {
  "bankName": "",
  "accountHolderName": "",
  "accountNumber": "",
  "accountType": "",
  "currency": "",
  "statementStartDate": "",
  "statementEndDate": "",
  "additionalAccounts": []
}
Page 2 account number resolved: 109001516845
Page 2 all accounts found: []

Page 3 metadata: {
  "bankName": "ICICI Bank",
  "accountHolderName": "MR. KIRAN PRAMOD DHOKE",
  "accountNumber": "109001516845",
  "accountType": "Savings",
  "currency": "",
  "statementStartDate": "",
  "statementEndDate": "",
  "additionalAccounts": []
}
Page 3 account number resolved: 109001516845
Page 3 all accounts found: []

Page 1 metadata: {
  "bankName": "HSBC",
  "accountHolderName": "John Wick",
  "accountNumber": "803-01867-3",
  "accountType": "HSBC Premier Checking",
  "currency": "USD",
  "statementStartDate": "August 15, 2014",
  "statementEndDate": "September 15, 2014",
  "additionalAccounts": [
    "26-00803P",
    "803-46845-8",
    "09653102271"
  ]
}
Page 1 account number resolved: 803-01867-3
Page 1 all accounts found: ["803-01867-3","803-46845-8"]

Page 2 metadata: {
  "bankName": "HSBC",
  "accountHolderName": "John Wick",
  "accountNumber": "803-01867-3",
  "accountType": "HSBC PREMIER",
  "currency": "USD",
  "statementStartDate": "August 15, 2014",
  "statementEndDate": "September 15, 2014",
  "additionalAccounts": [
    "803-46845-8"
  ]
}
Page 2 account number resolved: 803-01867-3
Page 2 all accounts found: ["803-01867-3","803-46845-8"]
